<?xml version="1.0" encoding="UTF-8"?>
<testng-results skipped="0" failed="0" total="1" passed="1">
  <reporter-output>
    <line>
      <![CDATA[Go to website's main page]]>
    </line>
    <line>
      <![CDATA[Clicking at product type]]>
    </line>
  </reporter-output>
  <suite name="Default suite" duration-ms="52048" started-at="2013-11-14T22:14:30Z" finished-at="2013-11-14T22:15:22Z">
    <groups>
    </groups>
    <test name="Default test" duration-ms="52048" started-at="2013-11-14T22:14:30Z" finished-at="2013-11-14T22:15:22Z">
      <class name="com.epam.preproduction.tests.CheckItemInformation">
        <test-method status="PASS" signature="setUp()[pri:0, instance:com.epam.preproduction.tests.CheckItemInformation@68e816f5]" name="setUp" is-config="true" duration-ms="14384" started-at="2013-11-15T00:14:30Z" finished-at="2013-11-15T00:14:45Z">
          <reporter-output>
          </reporter-output>
        </test-method> <!-- setUp -->
        <test-method status="PASS" signature="configuration()[pri:0, instance:com.epam.preproduction.tests.CheckItemInformation@68e816f5]" name="configuration" is-config="true" duration-ms="115" started-at="2013-11-15T00:14:45Z" finished-at="2013-11-15T00:14:45Z">
          <reporter-output>
          </reporter-output>
        </test-method> <!-- configuration -->
        <test-method status="PASS" signature="testItemInformation(java.lang.String)[pri:0, instance:com.epam.preproduction.tests.CheckItemInformation@68e816f5]" name="testItemInformation" duration-ms="37137" started-at="2013-11-15T00:14:45Z" data-provider="readFromExcel" finished-at="2013-11-15T00:15:22Z">
          <params>
            <param index="0">
              <value>
                <![CDATA[Кондиционеры]]>
              </value>
            </param>
          </params>
          <reporter-output>
            <line>
              <![CDATA[Go to website's main page]]>
            </line>
            <line>
              <![CDATA[Clicking at product type]]>
            </line>
          </reporter-output>
        </test-method> <!-- testItemInformation -->
      </class> <!-- com.epam.preproduction.tests.CheckItemInformation -->
    </test> <!-- Default test -->
  </suite> <!-- Default suite -->
</testng-results>
