<?xml version="1.0" encoding="UTF-8"?>
<!-- Generated by org.testng.reporters.JUnitXMLReporter -->
<testsuite hostname="EPUAKHAW0472" name="testNG test1" tests="7" failures="0" timestamp="12 Nov 2013 11:33:18 GMT" time="355.904" errors="0">
  <testcase name="testSortingByName" time="16.985" classname="com.epam.preproduction.tests.SortingTest"/>
  <testcase name="testSortingByPrice" time="17.045" classname="com.epam.preproduction.tests.SortingTest"/>
  <testcase name="testCompareItems" time="12.585" classname="com.epam.preproduction.tests.CompareItemsTest"/>
  <testcase name="testFilterPrice" time="200.024" classname="com.epam.preproduction.tests.CheckPriceFilterTest"/>
  <testcase name="testFilterByProducer" time="62.405" classname="com.epam.preproduction.tests.CheckFilterParameters"/>
  <testcase name="testFilterParameter" time="1.219" classname="com.epam.preproduction.tests.CheckFilterParameters"/>
  <testcase name="testItemInformation" time="36.191" classname="com.epam.preproduction.tests.CheckItemInformation"/>
</testsuite> <!-- testNG test1 -->
